<?xml version="1.0" encoding="UTF-8"?>
<testng-results skipped="0" failed="0" total="2" passed="2">
  <reporter-output>
  </reporter-output>
  <suite name="Default suite" duration-ms="10337" started-at="2017-01-04T16:51:33Z" finished-at="2017-01-04T16:51:43Z">
    <groups>
    </groups>
    <test name="Default test" duration-ms="10337" started-at="2017-01-04T16:51:33Z" finished-at="2017-01-04T16:51:43Z">
      <class name="CN001_Atendimento">
        <test-method status="PASS" signature="postJsonOrder()[pri:0, instance:CN001_Atendimento@546a03af]" name="postJsonOrder" duration-ms="7924" started-at="2017-01-04T14:51:33Z" finished-at="2017-01-04T14:51:41Z">
          <reporter-output>
          </reporter-output>
        </test-method> <!-- postJsonOrder -->
        <test-method status="PASS" signature="getJsonOrder()[pri:0, instance:CN001_Atendimento@546a03af]" name="getJsonOrder" duration-ms="2218" started-at="2017-01-04T14:51:41Z" finished-at="2017-01-04T14:51:43Z">
          <reporter-output>
          </reporter-output>
        </test-method> <!-- getJsonOrder -->
      </class> <!-- CN001_Atendimento -->
    </test> <!-- Default test -->
  </suite> <!-- Default suite -->
</testng-results>
